Feb 15, 2020 8:15:16 PM com.Server.EventMainServer main
INFO: Server Ready! Listening on port :: 6666
Feb 15, 2020 8:16:08 PM com.Server.EventMainServer main
INFO: Server Ready! Listening on port :: 6666
Feb 15, 2020 8:30:25 PM com.Server.EventMainServer main
INFO: Server Ready! Listening on port :: 6666
Feb 15, 2020 8:40:06 PM com.Server.EventMainServer main
INFO: Server Ready! Listening on port :: 6666
Feb 15, 2020 8:47:44 PM com.Server.EventMainServer main
INFO: Server Ready! Listening on port :: 6666
Feb 15, 2020 9:05:48 PM com.Server.EventMainServer main
INFO: Server Ready! Listening on port :: 6666
Feb 16, 2020 5:20:00 PM com.Server.EventMainServer main
INFO: Server Ready! Listening on port :: 6666
Feb 16, 2020 5:24:17 PM com.Server.EventMainServer main
INFO: Server Ready! Listening on port :: 6666
Feb 16, 2020 5:56:34 PM com.Server.EventMainServer main
INFO: Server Ready! Listening on port :: 6666
Feb 16, 2020 11:27:34 PM com.Server.EventMainServer main
INFO: Server Ready! Listening on port :: 6666
Feb 16, 2020 11:53:29 PM com.Server.EventMainServer main
INFO: Server Ready! Listening on port :: 6666
Feb 17, 2020 12:19:13 PM com.Server.EventMainServer main
INFO: Server Ready! Listening on port :: 6666
Feb 17, 2020 12:41:31 PM com.Server.EventMainServer main
INFO: Server Ready! Listening on port :: 6666
Feb 17, 2020 12:44:10 PM com.Server.EventMainServer main
INFO: Server Ready! Listening on port :: 6666
Feb 17, 2020 12:47:39 PM com.Server.EventMainServer main
INFO: Server Ready! Listening on port :: 6666
Feb 17, 2020 12:52:49 PM com.Server.EventMainServer main
INFO: Server Ready! Listening on port :: 6666
Feb 17, 2020 12:54:10 PM com.Server.EventMainServer main
INFO: Server Ready! Listening on port :: 6666
Feb 17, 2020 1:06:35 PM com.Server.EventMainServer main
INFO: Server Ready! Listening on port :: 6666
Feb 17, 2020 1:09:52 PM com.Server.EventMainServer main
INFO: Server Ready! Listening on port :: 6666
Feb 17, 2020 1:11:29 PM com.Server.EventMainServer main
INFO: Server Ready! Listening on port :: 6666
Feb 17, 2020 1:13:23 PM com.Server.EventMainServer main
INFO: Server Ready! Listening on port :: 6666
Feb 17, 2020 1:22:27 PM com.Server.EventMainServer main
INFO: Server Ready! Listening on port :: 6666
Feb 17, 2020 1:52:26 PM com.Server.EventMainServer main
INFO: Server Ready! Listening on port :: 6666
Feb 17, 2020 2:07:22 PM com.Server.EventMainServer main
INFO: Server Ready! Listening on port :: 6666
Feb 17, 2020 2:21:04 PM com.Server.EventMainServer main
INFO: Server Ready! Listening on port :: 6666
Feb 17, 2020 2:23:54 PM com.Server.EventMainServer main
INFO: Server Ready! Listening on port :: 6666
Feb 17, 2020 2:27:59 PM com.Server.EventMainServer main
INFO: Server Ready! Listening on port :: 6666
Feb 17, 2020 2:30:30 PM com.Server.EventMainServer main
INFO: Server Ready! Listening on port :: 6666
Feb 17, 2020 2:58:32 PM com.Server.EventMainServer main
INFO: Server Ready! Listening on port :: 6666
Feb 17, 2020 3:05:21 PM com.Server.EventMainServer main
INFO: Server Ready! Listening on port :: 6666
Feb 17, 2020 3:12:59 PM com.Server.EventMainServer main
INFO: Server Ready! Listening on port :: 6666
Feb 17, 2020 3:14:09 PM com.Server.EventMainServer main
INFO: Server Ready! Listening on port :: 6666
Feb 17, 2020 3:17:12 PM com.Server.EventMainServer main
INFO: Server Ready! Listening on port :: 6666
Feb 17, 2020 3:27:22 PM com.Server.EventMainServer main
INFO: Server Ready! Listening on port :: 6666
Feb 17, 2020 3:28:38 PM com.Server.EventMainServer main
INFO: Server Ready! Listening on port :: 6666
Feb 17, 2020 3:34:19 PM com.Server.EventMainServer main
INFO: Server Ready! Listening on port :: 6666
Feb 21, 2020 6:52:19 PM com.Server.EventMainServer main
INFO: Server Ready! Listening on port :: 6666
Feb 21, 2020 7:11:36 PM com.Server.EventMainServer main
INFO: Server Ready! Listening on port :: 6666
Feb 21, 2020 9:56:19 PM com.Server.EventMainServer main
INFO: Server Ready! Listening on port :: 6666
Feb 21, 2020 10:23:07 PM com.Server.EventMainServer main
INFO: Server Ready! Listening on port :: 6666
Feb 21, 2020 10:30:54 PM com.Server.EventMainServer main
INFO: Server Ready! Listening on port :: 6666
Feb 21, 2020 10:53:00 PM com.Server.EventMainServer main
INFO: Server Ready! Listening on port :: 6666
Feb 21, 2020 10:57:43 PM com.Server.EventMainServer main
INFO: Server Ready! Listening on port :: 6666
Feb 21, 2020 11:00:28 PM com.Server.EventMainServer main
INFO: Server Ready! Listening on port :: 6666
Feb 21, 2020 11:03:13 PM com.Server.EventMainServer main
INFO: Server Ready! Listening on port :: 6666
Feb 21, 2020 11:05:46 PM com.Server.EventMainServer main
INFO: Server Ready! Listening on port :: 6666
Feb 21, 2020 11:10:51 PM com.Server.EventMainServer main
INFO: Server Ready! Listening on port :: 6666
Feb 21, 2020 11:14:50 PM com.Server.EventMainServer main
INFO: Server Ready! Listening on port :: 6666
Feb 21, 2020 11:17:26 PM com.Server.EventMainServer main
INFO: Server Ready! Listening on port :: 6666
Feb 21, 2020 11:24:56 PM com.Server.EventMainServer main
INFO: Server Ready! Listening on port :: 6666
Feb 21, 2020 11:50:47 PM com.Server.EventMainServer main
INFO: Server Ready! Listening on port :: 6666
Feb 22, 2020 12:03:01 AM com.Server.EventMainServer main
INFO: Server Ready! Listening on port :: 6666
Feb 22, 2020 12:32:25 AM com.Server.EventMainServer main
INFO: Server Ready! Listening on port :: 6666
Feb 22, 2020 12:33:05 AM com.Server.EventMainServer main
INFO: Server Ready! Listening on port :: 6666
Feb 22, 2020 12:35:56 AM com.Server.EventMainServer main
INFO: Server Ready! Listening on port :: 6666
Feb 22, 2020 12:37:42 AM com.Server.EventMainServer main
INFO: Server Ready! Listening on port :: 6666
Feb 22, 2020 12:56:30 AM com.Server.EventMainServer main
INFO: Server Ready! Listening on port :: 6666
Feb 22, 2020 2:00:57 AM com.Server.EventMainServer main
INFO: Server Ready! Listening on port :: 6666
Feb 22, 2020 2:09:17 AM com.Server.EventMainServer main
INFO: Server Ready! Listening on port :: 6666
Feb 22, 2020 2:11:27 AM com.Server.EventMainServer main
INFO: Server Ready! Listening on port :: 6666
Feb 22, 2020 2:40:17 AM com.Server.EventMainServer main
INFO: Server Ready! Listening on port :: 6666
Feb 22, 2020 2:49:25 AM com.Server.EventMainServer main
INFO: Server Ready! Listening on port :: 6666
Feb 22, 2020 3:01:28 AM com.Server.EventMainServer main
INFO: Server Ready! Listening on port :: 6666
Feb 22, 2020 1:40:15 PM com.Server.EventMainServer main
INFO: Server Ready! Listening on port :: 6666
Feb 22, 2020 1:52:50 PM com.Server.EventMainServer main
INFO: Server Ready! Listening on port :: 6666
Feb 22, 2020 1:57:31 PM com.Server.EventMainServer main
INFO: Server Ready! Listening on port :: 6666
Feb 22, 2020 2:11:15 PM com.Server.EventMainServer main
INFO: Server Ready! Listening on port :: 6666
Feb 22, 2020 3:11:42 PM com.Server.EventMainServer main
INFO: Server Ready! Listening on port :: 6666
Feb 22, 2020 3:13:17 PM com.Server.EventMainServer main
INFO: Server Ready! Listening on port :: 6666
Feb 22, 2020 3:20:09 PM com.Server.EventMainServer main
INFO: Server Ready! Listening on port :: 6666
Feb 22, 2020 3:34:20 PM com.Server.EventMainServer main
INFO: Server Ready! Listening on port :: 6666
Feb 22, 2020 3:43:43 PM com.Server.EventMainServer main
INFO: Server Ready! Listening on port :: 6666
Feb 22, 2020 3:53:15 PM com.Server.EventMainServer main
INFO: Server Ready! Listening on port :: 6666
Feb 22, 2020 4:45:28 PM com.Server.EventMainServer main
INFO: Server Ready! Listening on port :: 6666
Feb 22, 2020 4:59:40 PM com.Server.EventMainServer main
INFO: Server Ready! Listening on port :: 6666
Feb 22, 2020 5:18:43 PM com.Server.EventMainServer main
INFO: Server Ready! Listening on port :: 6666
Feb 22, 2020 6:12:39 PM com.Server.EventMainServer main
INFO: Server Ready! Listening on port :: 6666
Feb 24, 2020 3:45:18 PM com.Server.EventMainServer main
INFO: Server Ready! Listening on port :: 6666
Feb 24, 2020 6:26:03 PM com.Server.EventMainServer main
INFO: Server Ready! Listening on port :: 6666
Feb 24, 2020 6:28:54 PM com.Server.EventMainServer main
INFO: Server Ready! Listening on port :: 6666
Feb 24, 2020 7:52:19 PM com.Server.EventMainServer main
INFO: Server Ready! Listening on port :: 6666
Feb 25, 2020 12:41:51 PM com.Server.EventMainServer main
INFO: Server Ready! Listening on port :: 6666
Feb 25, 2020 1:45:52 PM com.Server.EventMainServer main
INFO: Server Ready! Listening on port :: 6666
Feb 25, 2020 10:59:06 PM com.Server.EventMainServer main
INFO: Server Ready! Listening on port :: 6666
Feb 25, 2020 11:32:02 PM com.Server.EventMainServer main
INFO: Server Ready! Listening on port :: 6666
Feb 25, 2020 11:35:11 PM com.Server.EventMainServer main
INFO: Server Ready! Listening on port :: 6666
Feb 25, 2020 11:42:42 PM com.Server.EventMainServer main
INFO: Server Ready! Listening on port :: 6666
Feb 25, 2020 11:47:33 PM com.Server.EventMainServer main
INFO: Server Ready! Listening on port :: 6666
Feb 26, 2020 12:03:56 AM com.Server.EventMainServer main
INFO: Server Ready! Listening on port :: 6666
Feb 26, 2020 11:58:36 AM com.Server.EventMainServer main
INFO: Server Ready! Listening on port :: 6666
Feb 26, 2020 12:50:12 PM com.Server.EventMainServer main
INFO: Server Ready! Listening on port :: 6666
Feb 26, 2020 1:32:47 PM com.Server.EventMainServer main
INFO: Server Ready! Listening on port :: 6666
Feb 26, 2020 1:54:40 PM com.Server.EventMainServer main
INFO: Server Ready! Listening on port :: 6666
Feb 26, 2020 2:14:13 PM com.Server.EventMainServer main
INFO: Server Ready! Listening on port :: 6666
Feb 26, 2020 3:20:27 PM com.Server.EventMainServer main
INFO: Server Ready! Listening on port :: 6666
Feb 26, 2020 4:10:47 PM com.Server.EventMainServer main
INFO: Server Ready! Listening on port :: 6666
Feb 26, 2020 4:11:23 PM com.Server.EventMainServer main
INFO: Server Ready! Listening on port :: 6666
Feb 26, 2020 4:15:17 PM com.Server.EventMainServer main
INFO: Server Ready! Listening on port :: 6666
Feb 26, 2020 4:18:21 PM com.Server.EventMainServer main
INFO: Server Ready! Listening on port :: 6666
Feb 26, 2020 4:42:31 PM com.Server.EventMainServer main
INFO: Server Ready! Listening on port :: 6666
Feb 27, 2020 11:35:36 AM com.Server.EventMainServer main
INFO: Server Ready! Listening on port :: 6666
Feb 27, 2020 1:57:39 PM com.Server.EventMainServer main
INFO: Server Ready! Listening on port :: 6666
Feb 27, 2020 7:26:56 PM com.Server.EventMainServer main
INFO: Server Ready! Listening on port :: 6666
Feb 27, 2020 10:04:52 PM com.Server.EventMainServer main
INFO: Server Ready! Listening on port :: 6666
Feb 28, 2020 11:45:23 AM com.Server.EventMainServer main
INFO: Server Ready! Listening on port :: 6666
Feb 28, 2020 1:14:20 PM com.Server.EventMainServer main
INFO: Server Ready! Listening on port :: 6666
Feb 28, 2020 1:24:12 PM com.Server.EventMainServer main
INFO: Server Ready! Listening on port :: 6666
Feb 28, 2020 4:08:12 PM com.Server.EventMainServer main
INFO: Server Ready! Listening on port :: 6666
Feb 28, 2020 9:23:05 PM com.Server.EventMainServer main
INFO: Server Ready! Listening on port :: 6666
Feb 28, 2020 9:35:53 PM com.Server.EventMainServer main
INFO: Server Ready! Listening on port :: 6666
Feb 28, 2020 11:34:45 PM com.Server.EventMainServer main
INFO: Server Ready! Listening on port :: 6666
Feb 29, 2020 12:57:45 AM com.Server.EventMainServer main
INFO: Server Ready! Listening on port :: 6666
Feb 29, 2020 1:10:08 AM com.Server.EventMainServer main
INFO: Server Ready! Listening on port :: 6666
Feb 29, 2020 1:15:29 AM com.Server.EventMainServer main
INFO: Server Ready! Listening on port :: 6666
Mar 01, 2020 10:14:36 AM com.Server.EventMainServer main
INFO: Server Ready! Listening on port :: 6666
Mar 01, 2020 11:59:48 AM com.Server.EventMainServer main
INFO: Server Ready! Listening on port :: 6666
Mar 01, 2020 12:14:53 PM com.Server.EventMainServer main
INFO: Server Ready! Listening on port :: 6666
Mar 01, 2020 12:23:55 PM com.Server.EventMainServer main
INFO: Server Ready! Listening on port :: 6666
Mar 01, 2020 12:53:51 PM com.Server.EventMainServer main
INFO: Server Ready! Listening on port :: 6666
Mar 01, 2020 1:28:59 PM com.Server.EventMainServer main
INFO: Server Ready! Listening on port :: 6666
Mar 01, 2020 1:33:36 PM com.Server.EventMainServer main
INFO: Server Ready! Listening on port :: 6666
Mar 01, 2020 5:12:42 PM com.Server.EventMainServer main
INFO: Server Ready! Listening on port :: 6666
Mar 01, 2020 5:23:41 PM com.Server.EventMainServer main
INFO: Server Ready! Listening on port :: 6666
Mar 01, 2020 5:32:55 PM com.Server.EventMainServer main
INFO: Server Ready! Listening on port :: 6666
Mar 01, 2020 5:44:08 PM com.Server.EventMainServer main
INFO: Server Ready! Listening on port :: 6666
Mar 01, 2020 5:54:11 PM com.Server.EventMainServer main
INFO: Server Ready! Listening on port :: 6666
Mar 01, 2020 7:17:32 PM com.Server.EventMainServer main
INFO: Server Ready! Listening on port :: 6666
Mar 01, 2020 7:29:56 PM com.Server.EventMainServer main
INFO: Server Ready! Listening on port :: 6666
Mar 01, 2020 7:49:05 PM com.Server.EventMainServer main
INFO: Server Ready! Listening on port :: 6666
Mar 01, 2020 7:56:34 PM com.Server.EventMainServer main
INFO: Server Ready! Listening on port :: 6666
Mar 01, 2020 8:02:23 PM com.Server.EventMainServer main
INFO: Server Ready! Listening on port :: 6666
Mar 01, 2020 9:49:16 PM com.Server.EventMainServer main
INFO: Server Ready! Listening on port :: 6666
Mar 01, 2020 10:12:47 PM com.Server.EventMainServer main
INFO: Server Ready! Listening on port :: 6666
Mar 01, 2020 10:18:31 PM com.Server.EventMainServer main
INFO: Server Ready! Listening on port :: 6666
Mar 01, 2020 10:31:01 PM com.Server.EventMainServer main
INFO: Server Ready! Listening on port :: 6666
Mar 01, 2020 10:41:16 PM com.Server.EventMainServer main
INFO: Server Ready! Listening on port :: 6666
Mar 01, 2020 11:14:05 PM com.Server.EventMainServer main
INFO: Server Ready! Listening on port :: 6666
Mar 01, 2020 11:53:21 PM com.Server.EventMainServer main
INFO: Server Ready! Listening on port :: 6666
Mar 02, 2020 12:01:01 AM com.Server.EventMainServer main
INFO: Server Ready! Listening on port :: 6666
Mar 02, 2020 12:06:10 AM com.Server.EventMainServer main
INFO: Server Ready! Listening on port :: 6666
Mar 02, 2020 12:12:43 AM com.Server.EventMainServer main
INFO: Server Ready! Listening on port :: 6666
Mar 02, 2020 12:21:04 AM com.Server.EventMainServer main
INFO: Server Ready! Listening on port :: 6666
Mar 02, 2020 12:29:57 AM com.Server.EventMainServer main
INFO: Server Ready! Listening on port :: 6666
Mar 02, 2020 12:43:58 AM com.Server.EventMainServer main
INFO: Server Ready! Listening on port :: 6666
Mar 02, 2020 12:59:32 AM com.Server.EventMainServer main
INFO: Server Ready! Listening on port :: 6666
Mar 02, 2020 1:17:23 AM com.Server.EventMainServer main
INFO: Server Ready! Listening on port :: 6666
Mar 02, 2020 1:17:34 AM com.Server.EventMainServer main
INFO: Server Ready! Listening on port :: 6666
Mar 02, 2020 1:20:35 AM com.Server.EventMainServer main
INFO: Server Ready! Listening on port :: 6666
Mar 02, 2020 1:25:48 AM com.Server.EventMainServer main
INFO: Server Ready! Listening on port :: 6666
Mar 02, 2020 1:32:23 AM com.Server.EventMainServer main
INFO: Server Ready! Listening on port :: 6666
Mar 02, 2020 1:33:48 AM com.Server.EventMainServer main
INFO: Server Ready! Listening on port :: 6666
Mar 02, 2020 1:47:47 AM com.Server.EventMainServer main
INFO: Server Ready! Listening on port :: 6666
Mar 02, 2020 1:51:36 AM com.Server.EventMainServer main
INFO: Server Ready! Listening on port :: 6666
Mar 02, 2020 2:35:26 AM com.Server.EventMainServer main
INFO: Server Ready! Listening on port :: 6666
Mar 02, 2020 2:48:38 AM com.Server.EventMainServer main
INFO: Server Ready! Listening on port :: 6666
Mar 02, 2020 2:54:25 AM com.Server.EventMainServer main
INFO: Server Ready! Listening on port :: 6666
Mar 02, 2020 2:58:43 AM com.Server.EventMainServer main
INFO: Server Ready! Listening on port :: 6666
Mar 02, 2020 3:02:49 AM com.Server.EventMainServer main
INFO: Server Ready! Listening on port :: 6666
Mar 02, 2020 3:17:15 AM com.Server.EventMainServer main
INFO: Server Ready! Listening on port :: 6666
